<?xml version="1.0" encoding="UTF-8"?>
<!-- Generated by org.testng.reporters.JUnitReportReporter -->
<testsuite hostname="LK-LP-736.local" name="org.amit.AppTest" tests="1" failures="0" timestamp="15 Aug 2020 17:10:32 GMT" time="0.004" errors="0">
  <testcase name="shouldAnswerWithTrue" time="0.004" classname="org.amit.AppTest"/>
</testsuite> <!-- org.amit.AppTest -->
